#
# A fatal error has been detected by the Java Runtime Environment:
#
#  EXCEPTION_ACCESS_VIOLATION (0xc0000005) at pc=0x00007ff9f787f29c, pid=18124, tid=10544
#
# JRE version: Java(TM) SE Runtime Environment (13.0.2+8) (build 13.0.2+8)
# Java VM: Java HotSpot(TM) 64-Bit Server VM (13.0.2+8, mixed mode, sharing, tiered, compressed oops, g1 gc, windows-amd64)
# Problematic frame:
# C  0x00007ff9f787f29c
#
# No core dump will be written. Minidumps are not enabled by default on client versions of Windows
#
# If you would like to submit a bug report, please visit:
#   http://bugreport.java.com/bugreport/crash.jsp
# The crash happened outside the Java Virtual Machine in native code.
# See problematic frame for where to report the bug.
#

---------------  S U M M A R Y ------------

Command Line: -Dfile.encoding=UTF-8 Main

Host: Intel(R) Core(TM) i7-9700K CPU @ 3.60GHz, 8 cores, 15G,  Windows 10 , 64 bit Build 18362 (10.0.18362.900)
Time: Sun Jun 14 19:20:38 2020 Pacific Daylight Time elapsed time: 7 seconds (0d 0h 0m 7s)

---------------  T H R E A D  ---------------

Current thread (0x0000026c4b743000):  JavaThread "Thread-0" [_thread_in_native, id=10544, stack(0x00000098c2500000,0x00000098c2600000)]

Stack: [0x00000098c2500000,0x00000098c2600000],  sp=0x00000098c25feae0,  free space=1018k
Native frames: (J=compiled Java code, j=interpreted, Vv=VM code, C=native code)
C  0x00007ff9f787f29c

Java frames: (J=compiled Java code, j=interpreted, Vv=VM code)
j  sun.java2d.d3d.D3DSurfaceData.initOps(III)V+0 java.desktop@13.0.2
j  sun.java2d.d3d.D3DSurfaceData.<init>(Lsun/awt/windows/WComponentPeer;Lsun/java2d/d3d/D3DGraphicsConfig;IILjava/awt/Image;Ljava/awt/image/ColorModel;IILsun/java2d/pipe/hw/ExtendedBufferCapabilities$VSyncType;I)V+212 java.desktop@13.0.2
j  sun.java2d.d3d.D3DSurfaceData.createData(Lsun/awt/windows/WComponentPeer;Ljava/awt/Image;)Lsun/java2d/d3d/D3DSurfaceData;+117 java.desktop@13.0.2
j  sun.java2d.d3d.D3DVolatileSurfaceManager.initAcceleratedSurface()Lsun/java2d/SurfaceData;+68 java.desktop@13.0.2
j  sun.java2d.d3d.D3DVolatileSurfaceManager.restoreAcceleratedSurface()V+49 java.desktop@13.0.2
J 1248 c1 sun.awt.image.VolatileSurfaceManager.validate(Ljava/awt/GraphicsConfiguration;)I java.desktop@13.0.2 (213 bytes) @ 0x0000026c2fdf347c [0x0000026c2fdf2d80+0x00000000000006fc]
J 1247 c1 sun.awt.image.SunVolatileImage.validate(Ljava/awt/GraphicsConfiguration;)I java.desktop@13.0.2 (9 bytes) @ 0x0000026c2fdf28e4 [0x0000026c2fdf27c0+0x0000000000000124]
J 1253 c1 java.awt.Component$FlipBufferStrategy.revalidate()V java.desktop@13.0.2 (145 bytes) @ 0x0000026c2fdf5954 [0x0000026c2fdf5440+0x0000000000000514]
J 1252 c1 java.awt.Component$FlipBufferStrategy.getDrawGraphics()Ljava/awt/Graphics; java.desktop@13.0.2 (12 bytes) @ 0x0000026c2fdf4ee4 [0x0000026c2fdf4dc0+0x0000000000000124]
J 1293 c1 jswinggame.Game.render()V (143 bytes) @ 0x0000026c2fe16844 [0x0000026c2fe16620+0x0000000000000224]
J 973% c2 jswinggame.Game.run()V (123 bytes) @ 0x0000026c37129780 [0x0000026c37129660+0x0000000000000120]
j  java.lang.Thread.run()V+11 java.base@13.0.2
v  ~StubRoutines::call_stub

siginfo: EXCEPTION_ACCESS_VIOLATION (0xc0000005), data execution prevention violation at address 0x00007ff9f787f29c


Register to memory mapping:

RIP=0x00007ff9f787f29c is an unknown value
RAX=0x0 is NULL
RBX=0x0000026c4ba956c0 points into unknown readable memory: 68 d0 9a f7 f9 7f 00 00
RCX=0x00007ffa026419e4 win32u.dll
RDX=0x0 is NULL
RSP=0x00000098c25feae0 is pointing into the stack for thread: 0x0000026c4b743000
RBP=0x0000000000010001 is an unknown value
RSI=0x0 is NULL
RDI=0x0 is NULL
R8 =0x00000098c25fead8 is pointing into the stack for thread: 0x0000026c4b743000
R9 =0x0000000000010001 is an unknown value
R10=0x0 is NULL
R11=0x0000000000000246 is an unknown value
R12=0x0 is NULL
R13={method} {0x0000026c4b0d7be8} 'initOps' '(III)V' in 'sun/java2d/d3d/D3DSurfaceData'
R14=0x00000098c25fec50 is pointing into the stack for thread: 0x0000026c4b743000
R15=0x0000026c4b743000 is a thread


Registers:
RAX=0x0000000000000000, RBX=0x0000026c4ba956c0, RCX=0x00007ffa026419e4, RDX=0x0000000000000000
RSP=0x00000098c25feae0, RBP=0x0000000000010001, RSI=0x0000000000000000, RDI=0x0000000000000000
R8 =0x00000098c25fead8, R9 =0x0000000000010001, R10=0x0000000000000000, R11=0x0000000000000246
R12=0x0000000000000000, R13=0x0000026c4b0d7be0, R14=0x00000098c25fec50, R15=0x0000026c4b743000
RIP=0x00007ff9f787f29c, EFLAGS=0x0000000000010246

Top of Stack: (sp=0x00000098c25feae0)
0x00000098c25feae0:   0000026c4ba956c0 0000000000000000
0x00000098c25feaf0:   0000026c4b944a50 00000000000002bc
0x00000098c25feb00:   0000026c4ba95718 0000000000010001
0x00000098c25feb10:   0000026c4ba956c8 0000026c00000000
0x00000098c25feb20:   0000000000000002 00007ff9acb2f26e
0x00000098c25feb30:   0000000000000000 0000026c4b740a00
0x00000098c25feb40:   00000098c25fec50 0000026c4b743310
0x00000098c25feb50:   0000000000000000 00007ff9acb33be4
0x00000098c25feb60:   0000026c53b07d10 0000000000000000
0x00000098c25feb70:   00000000000002bc 0000026c4aec177f
0x00000098c25feb80:   0000000000000158 0000026c2f61f4f7
0x00000098c25feb90:   0000026c4b0d7be0 00000098c25fec18
0x00000098c25feba0:   0000000000000000 0000000000000000
0x00000098c25febb0:   00000098000002bc 00000098c25fec30
0x00000098c25febc0:   0000026c2f61a273 0000000710fda068
0x00000098c25febd0:   00000098c25febd0 0000000000000000 

Instructions: (pc=0x00007ff9f787f29c)
0x00007ff9f787f19c:   ?? ?? ?? ?? ?? ?? ?? ?? ?? ?? ?? ?? ?? ?? ?? ??
0x00007ff9f787f1ac:   ?? ?? ?? ?? ?? ?? ?? ?? ?? ?? ?? ?? ?? ?? ?? ??
0x00007ff9f787f1bc:   ?? ?? ?? ?? ?? ?? ?? ?? ?? ?? ?? ?? ?? ?? ?? ??
0x00007ff9f787f1cc:   ?? ?? ?? ?? ?? ?? ?? ?? ?? ?? ?? ?? ?? ?? ?? ??
0x00007ff9f787f1dc:   ?? ?? ?? ?? ?? ?? ?? ?? ?? ?? ?? ?? ?? ?? ?? ??
0x00007ff9f787f1ec:   ?? ?? ?? ?? ?? ?? ?? ?? ?? ?? ?? ?? ?? ?? ?? ??
0x00007ff9f787f1fc:   ?? ?? ?? ?? ?? ?? ?? ?? ?? ?? ?? ?? ?? ?? ?? ??
0x00007ff9f787f20c:   ?? ?? ?? ?? ?? ?? ?? ?? ?? ?? ?? ?? ?? ?? ?? ??
0x00007ff9f787f21c:   ?? ?? ?? ?? ?? ?? ?? ?? ?? ?? ?? ?? ?? ?? ?? ??
0x00007ff9f787f22c:   ?? ?? ?? ?? ?? ?? ?? ?? ?? ?? ?? ?? ?? ?? ?? ??
0x00007ff9f787f23c:   ?? ?? ?? ?? ?? ?? ?? ?? ?? ?? ?? ?? ?? ?? ?? ??
0x00007ff9f787f24c:   ?? ?? ?? ?? ?? ?? ?? ?? ?? ?? ?? ?? ?? ?? ?? ??
0x00007ff9f787f25c:   ?? ?? ?? ?? ?? ?? ?? ?? ?? ?? ?? ?? ?? ?? ?? ??
0x00007ff9f787f26c:   ?? ?? ?? ?? ?? ?? ?? ?? ?? ?? ?? ?? ?? ?? ?? ??
0x00007ff9f787f27c:   ?? ?? ?? ?? ?? ?? ?? ?? ?? ?? ?? ?? ?? ?? ?? ??
0x00007ff9f787f28c:   ?? ?? ?? ?? ?? ?? ?? ?? ?? ?? ?? ?? ?? ?? ?? ??
0x00007ff9f787f29c:   ?? ?? ?? ?? ?? ?? ?? ?? ?? ?? ?? ?? ?? ?? ?? ??
0x00007ff9f787f2ac:   ?? ?? ?? ?? ?? ?? ?? ?? ?? ?? ?? ?? ?? ?? ?? ??
0x00007ff9f787f2bc:   ?? ?? ?? ?? ?? ?? ?? ?? ?? ?? ?? ?? ?? ?? ?? ??
0x00007ff9f787f2cc:   ?? ?? ?? ?? ?? ?? ?? ?? ?? ?? ?? ?? ?? ?? ?? ??
0x00007ff9f787f2dc:   ?? ?? ?? ?? ?? ?? ?? ?? ?? ?? ?? ?? ?? ?? ?? ??
0x00007ff9f787f2ec:   ?? ?? ?? ?? ?? ?? ?? ?? ?? ?? ?? ?? ?? ?? ?? ??
0x00007ff9f787f2fc:   ?? ?? ?? ?? ?? ?? ?? ?? ?? ?? ?? ?? ?? ?? ?? ??
0x00007ff9f787f30c:   ?? ?? ?? ?? ?? ?? ?? ?? ?? ?? ?? ?? ?? ?? ?? ??
0x00007ff9f787f31c:   ?? ?? ?? ?? ?? ?? ?? ?? ?? ?? ?? ?? ?? ?? ?? ??
0x00007ff9f787f32c:   ?? ?? ?? ?? ?? ?? ?? ?? ?? ?? ?? ?? ?? ?? ?? ??
0x00007ff9f787f33c:   ?? ?? ?? ?? ?? ?? ?? ?? ?? ?? ?? ?? ?? ?? ?? ??
0x00007ff9f787f34c:   ?? ?? ?? ?? ?? ?? ?? ?? ?? ?? ?? ?? ?? ?? ?? ??
0x00007ff9f787f35c:   ?? ?? ?? ?? ?? ?? ?? ?? ?? ?? ?? ?? ?? ?? ?? ??
0x00007ff9f787f36c:   ?? ?? ?? ?? ?? ?? ?? ?? ?? ?? ?? ?? ?? ?? ?? ??
0x00007ff9f787f37c:   ?? ?? ?? ?? ?? ?? ?? ?? ?? ?? ?? ?? ?? ?? ?? ??
0x00007ff9f787f38c:   ?? ?? ?? ?? ?? ?? ?? ?? ?? ?? ?? ?? ?? ?? ?? ?? 


Stack slot to memory mapping:
stack at sp + 0 slots: 0x0000026c4ba956c0 points into unknown readable memory: 68 d0 9a f7 f9 7f 00 00
stack at sp + 1 slots: 0x0 is NULL
stack at sp + 2 slots: 0x0000026c4b944a50 points into unknown readable memory: 90 49 94 4b 6c 02 00 00
stack at sp + 3 slots: 0x00000000000002bc is an unknown value
stack at sp + 4 slots: 0x0000026c4ba95718 points into unknown readable memory: 5c 5c 2e 5c 44 49 53 50
stack at sp + 5 slots: 0x0000000000010001 is an unknown value
stack at sp + 6 slots: 0x0000026c4ba956c8 points into unknown readable memory: 00 00 00 00 00 00 00 00
stack at sp + 7 slots: 0x0000026c00000000 is an unknown value


---------------  P R O C E S S  ---------------

Threads class SMR info:
_java_thread_list=0x0000026c53937b30, length=16, elements={
0x0000026c4ad33000, 0x0000026c4ad36000, 0x0000026c4ad4d800, 0x0000026c4ad4e800,
0x0000026c4b5d4800, 0x0000026c4b5d6000, 0x0000026c4b5d7000, 0x0000026c4b71e000,
0x0000026c4b726000, 0x0000026c4b743000, 0x0000026c2710c800, 0x0000026c4ba80000,
0x0000026c4ba83800, 0x0000026c4ba89000, 0x0000026c4c17b000, 0x0000026c53b64000
}

Java Threads: ( => current thread )
  0x0000026c4ad33000 JavaThread "Reference Handler" daemon [_thread_blocked, id=10640, stack(0x00000098c1b00000,0x00000098c1c00000)]
  0x0000026c4ad36000 JavaThread "Finalizer" daemon [_thread_blocked, id=18260, stack(0x00000098c1c00000,0x00000098c1d00000)]
  0x0000026c4ad4d800 JavaThread "Signal Dispatcher" daemon [_thread_blocked, id=3412, stack(0x00000098c1d00000,0x00000098c1e00000)]
  0x0000026c4ad4e800 JavaThread "Attach Listener" daemon [_thread_blocked, id=17912, stack(0x00000098c1e00000,0x00000098c1f00000)]
  0x0000026c4b5d4800 JavaThread "C2 CompilerThread0" daemon [_thread_blocked, id=17492, stack(0x00000098c1f00000,0x00000098c2000000)]
  0x0000026c4b5d6000 JavaThread "C1 CompilerThread0" daemon [_thread_blocked, id=15396, stack(0x00000098c2000000,0x00000098c2100000)]
  0x0000026c4b5d7000 JavaThread "Sweeper thread" daemon [_thread_blocked, id=8944, stack(0x00000098c2100000,0x00000098c2200000)]
  0x0000026c4b71e000 JavaThread "Service Thread" daemon [_thread_blocked, id=1176, stack(0x00000098c2200000,0x00000098c2300000)]
  0x0000026c4b726000 JavaThread "Common-Cleaner" daemon [_thread_blocked, id=5432, stack(0x00000098c2400000,0x00000098c2500000)]
=>0x0000026c4b743000 JavaThread "Thread-0" [_thread_in_native, id=10544, stack(0x00000098c2500000,0x00000098c2600000)]
  0x0000026c2710c800 JavaThread "DestroyJavaVM" [_thread_blocked, id=11432, stack(0x00000098c1400000,0x00000098c1500000)]
  0x0000026c4ba80000 JavaThread "Java2D Disposer" daemon [_thread_blocked, id=18380, stack(0x00000098c2600000,0x00000098c2700000)]
  0x0000026c4ba83800 JavaThread "AWT-Shutdown" [_thread_blocked, id=2756, stack(0x00000098c2700000,0x00000098c2800000)]
  0x0000026c4ba89000 JavaThread "AWT-Windows" daemon [_thread_in_native, id=5856, stack(0x00000098c2800000,0x00000098c2900000)]
  0x0000026c4c17b000 JavaThread "AWT-EventQueue-0" [_thread_blocked, id=11640, stack(0x00000098c2b00000,0x00000098c2c00000)]
  0x0000026c53b64000 JavaThread "ToolkitShutdown" daemon [_thread_in_native, id=2556, stack(0x00000098c2d00000,0x00000098c2e00000)]

Other Threads:
  0x0000026c4ad31000 VMThread "VM Thread" [stack: 0x00000098c1a00000,0x00000098c1b00000] [id=1608]
  0x0000026c4b721800 WatcherThread [stack: 0x00000098c2300000,0x00000098c2400000] [id=4120]
  0x0000026c27177000 GCTaskThread "GC Thread#0" [stack: 0x00000098c1500000,0x00000098c1600000] [id=6728]
  0x0000026c27199800 ConcurrentGCThread "G1 Main Marker" [stack: 0x00000098c1600000,0x00000098c1700000] [id=2720]
  0x0000026c2719c000 ConcurrentGCThread "G1 Conc#0" [stack: 0x00000098c1700000,0x00000098c1800000] [id=1864]
  0x0000026c4ac2c800 ConcurrentGCThread "G1 Refine#0" [stack: 0x00000098c1800000,0x00000098c1900000] [id=10748]
  0x0000026c4ac2e800 ConcurrentGCThread "G1 Young RemSet Sampling" [stack: 0x00000098c1900000,0x00000098c1a00000] [id=1972]

Threads with active compile tasks:

VM state:not at safepoint (normal execution)

VM Mutex/Monitor currently owned by a thread: None

Heap address: 0x0000000701400000, size: 4076 MB, Compressed Oops mode: Zero based, Oop shift amount: 3
Narrow klass base: 0x0000000800000000, Narrow klass shift: 3
Compressed class space size: 1073741824 Address: 0x0000000800b40000

Heap:
 garbage-first heap   total 262144K, used 13312K [0x0000000701400000, 0x0000000800000000)
  region size 1024K, 13 young (13312K), 0 survivors (0K)
 Metaspace       used 8216K, capacity 8490K, committed 8704K, reserved 1056768K
  class space    used 863K, capacity 986K, committed 1024K, reserved 1048576K
Heap Regions: E=young(eden), S=young(survivor), O=old, HS=humongous(starts), HC=humongous(continues), CS=collection set, F=free, A=archive, TAMS=top-at-mark-start (previous, next)
|   0|0x0000000701400000, 0x0000000701500000, 0x0000000701500000|100%|HS|  |TAMS 0x0000000701400000, 0x0000000701400000| Complete 
|   1|0x0000000701500000, 0x0000000701600000, 0x0000000701600000|100%|HC|  |TAMS 0x0000000701500000, 0x0000000701500000| Complete 
|   2|0x0000000701600000, 0x0000000701600000, 0x0000000701700000|  0%| F|  |TAMS 0x0000000701600000, 0x0000000701600000| Untracked 
|   3|0x0000000701700000, 0x0000000701700000, 0x0000000701800000|  0%| F|  |TAMS 0x0000000701700000, 0x0000000701700000| Untracked 
|   4|0x0000000701800000, 0x0000000701800000, 0x0000000701900000|  0%| F|  |TAMS 0x0000000701800000, 0x0000000701800000| Untracked 
|   5|0x0000000701900000, 0x0000000701900000, 0x0000000701a00000|  0%| F|  |TAMS 0x0000000701900000, 0x0000000701900000| Untracked 
|   6|0x0000000701a00000, 0x0000000701a00000, 0x0000000701b00000|  0%| F|  |TAMS 0x0000000701a00000, 0x0000000701a00000| Untracked 
|   7|0x0000000701b00000, 0x0000000701b00000, 0x0000000701c00000|  0%| F|  |TAMS 0x0000000701b00000, 0x0000000701b00000| Untracked 
|   8|0x0000000701c00000, 0x0000000701c00000, 0x0000000701d00000|  0%| F|  |TAMS 0x0000000701c00000, 0x0000000701c00000| Untracked 
|   9|0x0000000701d00000, 0x0000000701d00000, 0x0000000701e00000|  0%| F|  |TAMS 0x0000000701d00000, 0x0000000701d00000| Untracked 
|  10|0x0000000701e00000, 0x0000000701e00000, 0x0000000701f00000|  0%| F|  |TAMS 0x0000000701e00000, 0x0000000701e00000| Untracked 
|  11|0x0000000701f00000, 0x0000000701f00000, 0x0000000702000000|  0%| F|  |TAMS 0x0000000701f00000, 0x0000000701f00000| Untracked 
|  12|0x0000000702000000, 0x0000000702000000, 0x0000000702100000|  0%| F|  |TAMS 0x0000000702000000, 0x0000000702000000| Untracked 
|  13|0x0000000702100000, 0x0000000702100000, 0x0000000702200000|  0%| F|  |TAMS 0x0000000702100000, 0x0000000702100000| Untracked 
|  14|0x0000000702200000, 0x0000000702200000, 0x0000000702300000|  0%| F|  |TAMS 0x0000000702200000, 0x0000000702200000| Untracked 
|  15|0x0000000702300000, 0x0000000702300000, 0x0000000702400000|  0%| F|  |TAMS 0x0000000702300000, 0x0000000702300000| Untracked 
|  16|0x0000000702400000, 0x0000000702400000, 0x0000000702500000|  0%| F|  |TAMS 0x0000000702400000, 0x0000000702400000| Untracked 
|  17|0x0000000702500000, 0x0000000702500000, 0x0000000702600000|  0%| F|  |TAMS 0x0000000702500000, 0x0000000702500000| Untracked 
|  18|0x0000000702600000, 0x0000000702600000, 0x0000000702700000|  0%| F|  |TAMS 0x0000000702600000, 0x0000000702600000| Untracked 
|  19|0x0000000702700000, 0x0000000702700000, 0x0000000702800000|  0%| F|  |TAMS 0x0000000702700000, 0x0000000702700000| Untracked 
|  20|0x0000000702800000, 0x0000000702800000, 0x0000000702900000|  0%| F|  |TAMS 0x0000000702800000, 0x0000000702800000| Untracked 
|  21|0x0000000702900000, 0x0000000702900000, 0x0000000702a00000|  0%| F|  |TAMS 0x0000000702900000, 0x0000000702900000| Untracked 
|  22|0x0000000702a00000, 0x0000000702a00000, 0x0000000702b00000|  0%| F|  |TAMS 0x0000000702a00000, 0x0000000702a00000| Untracked 
|  23|0x0000000702b00000, 0x0000000702b00000, 0x0000000702c00000|  0%| F|  |TAMS 0x0000000702b00000, 0x0000000702b00000| Untracked 
|  24|0x0000000702c00000, 0x0000000702c00000, 0x0000000702d00000|  0%| F|  |TAMS 0x0000000702c00000, 0x0000000702c00000| Untracked 
|  25|0x0000000702d00000, 0x0000000702d00000, 0x0000000702e00000|  0%| F|  |TAMS 0x0000000702d00000, 0x0000000702d00000| Untracked 
|  26|0x0000000702e00000, 0x0000000702e00000, 0x0000000702f00000|  0%| F|  |TAMS 0x0000000702e00000, 0x0000000702e00000| Untracked 
|  27|0x0000000702f00000, 0x0000000702f00000, 0x0000000703000000|  0%| F|  |TAMS 0x0000000702f00000, 0x0000000702f00000| Untracked 
|  28|0x0000000703000000, 0x0000000703000000, 0x0000000703100000|  0%| F|  |TAMS 0x0000000703000000, 0x0000000703000000| Untracked 
|  29|0x0000000703100000, 0x0000000703100000, 0x0000000703200000|  0%| F|  |TAMS 0x0000000703100000, 0x0000000703100000| Untracked 
|  30|0x0000000703200000, 0x0000000703200000, 0x0000000703300000|  0%| F|  |TAMS 0x0000000703200000, 0x0000000703200000| Untracked 
|  31|0x0000000703300000, 0x0000000703300000, 0x0000000703400000|  0%| F|  |TAMS 0x0000000703300000, 0x0000000703300000| Untracked 
|  32|0x0000000703400000, 0x0000000703400000, 0x0000000703500000|  0%| F|  |TAMS 0x0000000703400000, 0x0000000703400000| Untracked 
|  33|0x0000000703500000, 0x0000000703500000, 0x0000000703600000|  0%| F|  |TAMS 0x0000000703500000, 0x0000000703500000| Untracked 
|  34|0x0000000703600000, 0x0000000703600000, 0x0000000703700000|  0%| F|  |TAMS 0x0000000703600000, 0x0000000703600000| Untracked 
|  35|0x0000000703700000, 0x0000000703700000, 0x0000000703800000|  0%| F|  |TAMS 0x0000000703700000, 0x0000000703700000| Untracked 
|  36|0x0000000703800000, 0x0000000703800000, 0x0000000703900000|  0%| F|  |TAMS 0x0000000703800000, 0x0000000703800000| Untracked 
|  37|0x0000000703900000, 0x0000000703900000, 0x0000000703a00000|  0%| F|  |TAMS 0x0000000703900000, 0x0000000703900000| Untracked 
|  38|0x0000000703a00000, 0x0000000703a00000, 0x0000000703b00000|  0%| F|  |TAMS 0x0000000703a00000, 0x0000000703a00000| Untracked 
|  39|0x0000000703b00000, 0x0000000703b00000, 0x0000000703c00000|  0%| F|  |TAMS 0x0000000703b00000, 0x0000000703b00000| Untracked 
|  40|0x0000000703c00000, 0x0000000703c00000, 0x0000000703d00000|  0%| F|  |TAMS 0x0000000703c00000, 0x0000000703c00000| Untracked 
|  41|0x0000000703d00000, 0x0000000703d00000, 0x0000000703e00000|  0%| F|  |TAMS 0x0000000703d00000, 0x0000000703d00000| Untracked 
|  42|0x0000000703e00000, 0x0000000703e00000, 0x0000000703f00000|  0%| F|  |TAMS 0x0000000703e00000, 0x0000000703e00000| Untracked 
|  43|0x0000000703f00000, 0x0000000703f00000, 0x0000000704000000|  0%| F|  |TAMS 0x0000000703f00000, 0x0000000703f00000| Untracked 
|  44|0x0000000704000000, 0x0000000704000000, 0x0000000704100000|  0%| F|  |TAMS 0x0000000704000000, 0x0000000704000000| Untracked 
|  45|0x0000000704100000, 0x0000000704100000, 0x0000000704200000|  0%| F|  |TAMS 0x0000000704100000, 0x0000000704100000| Untracked 
|  46|0x0000000704200000, 0x0000000704200000, 0x0000000704300000|  0%| F|  |TAMS 0x0000000704200000, 0x0000000704200000| Untracked 
|  47|0x0000000704300000, 0x0000000704300000, 0x0000000704400000|  0%| F|  |TAMS 0x0000000704300000, 0x0000000704300000| Untracked 
|  48|0x0000000704400000, 0x0000000704400000, 0x0000000704500000|  0%| F|  |TAMS 0x0000000704400000, 0x0000000704400000| Untracked 
|  49|0x0000000704500000, 0x0000000704500000, 0x0000000704600000|  0%| F|  |TAMS 0x0000000704500000, 0x0000000704500000| Untracked 
|  50|0x0000000704600000, 0x0000000704600000, 0x0000000704700000|  0%| F|  |TAMS 0x0000000704600000, 0x0000000704600000| Untracked 
|  51|0x0000000704700000, 0x0000000704700000, 0x0000000704800000|  0%| F|  |TAMS 0x0000000704700000, 0x0000000704700000| Untracked 
|  52|0x0000000704800000, 0x0000000704800000, 0x0000000704900000|  0%| F|  |TAMS 0x0000000704800000, 0x0000000704800000| Untracked 
|  53|0x0000000704900000, 0x0000000704900000, 0x0000000704a00000|  0%| F|  |TAMS 0x0000000704900000, 0x0000000704900000| Untracked 
|  54|0x0000000704a00000, 0x0000000704a00000, 0x0000000704b00000|  0%| F|  |TAMS 0x0000000704a00000, 0x0000000704a00000| Untracked 
|  55|0x0000000704b00000, 0x0000000704b00000, 0x0000000704c00000|  0%| F|  |TAMS 0x0000000704b00000, 0x0000000704b00000| Untracked 
|  56|0x0000000704c00000, 0x0000000704c00000, 0x0000000704d00000|  0%| F|  |TAMS 0x0000000704c00000, 0x0000000704c00000| Untracked 
|  57|0x0000000704d00000, 0x0000000704d00000, 0x0000000704e00000|  0%| F|  |TAMS 0x0000000704d00000, 0x0000000704d00000| Untracked 
|  58|0x0000000704e00000, 0x0000000704e00000, 0x0000000704f00000|  0%| F|  |TAMS 0x0000000704e00000, 0x0000000704e00000| Untracked 
|  59|0x0000000704f00000, 0x0000000704f00000, 0x0000000705000000|  0%| F|  |TAMS 0x0000000704f00000, 0x0000000704f00000| Untracked 
|  60|0x0000000705000000, 0x0000000705000000, 0x0000000705100000|  0%| F|  |TAMS 0x0000000705000000, 0x0000000705000000| Untracked 
|  61|0x0000000705100000, 0x0000000705100000, 0x0000000705200000|  0%| F|  |TAMS 0x0000000705100000, 0x0000000705100000| Untracked 
|  62|0x0000000705200000, 0x0000000705200000, 0x0000000705300000|  0%| F|  |TAMS 0x0000000705200000, 0x0000000705200000| Untracked 
|  63|0x0000000705300000, 0x0000000705300000, 0x0000000705400000|  0%| F|  |TAMS 0x0000000705300000, 0x0000000705300000| Untracked 
|  64|0x0000000705400000, 0x0000000705400000, 0x0000000705500000|  0%| F|  |TAMS 0x0000000705400000, 0x0000000705400000| Untracked 
|  65|0x0000000705500000, 0x0000000705500000, 0x0000000705600000|  0%| F|  |TAMS 0x0000000705500000, 0x0000000705500000| Untracked 
|  66|0x0000000705600000, 0x0000000705600000, 0x0000000705700000|  0%| F|  |TAMS 0x0000000705600000, 0x0000000705600000| Untracked 
|  67|0x0000000705700000, 0x0000000705700000, 0x0000000705800000|  0%| F|  |TAMS 0x0000000705700000, 0x0000000705700000| Untracked 
|  68|0x0000000705800000, 0x0000000705800000, 0x0000000705900000|  0%| F|  |TAMS 0x0000000705800000, 0x0000000705800000| Untracked 
|  69|0x0000000705900000, 0x0000000705900000, 0x0000000705a00000|  0%| F|  |TAMS 0x0000000705900000, 0x0000000705900000| Untracked 
|  70|0x0000000705a00000, 0x0000000705a00000, 0x0000000705b00000|  0%| F|  |TAMS 0x0000000705a00000, 0x0000000705a00000| Untracked 
|  71|0x0000000705b00000, 0x0000000705b00000, 0x0000000705c00000|  0%| F|  |TAMS 0x0000000705b00000, 0x0000000705b00000| Untracked 
|  72|0x0000000705c00000, 0x0000000705c00000, 0x0000000705d00000|  0%| F|  |TAMS 0x0000000705c00000, 0x0000000705c00000| Untracked 
|  73|0x0000000705d00000, 0x0000000705d00000, 0x0000000705e00000|  0%| F|  |TAMS 0x0000000705d00000, 0x0000000705d00000| Untracked 
|  74|0x0000000705e00000, 0x0000000705e00000, 0x0000000705f00000|  0%| F|  |TAMS 0x0000000705e00000, 0x0000000705e00000| Untracked 
|  75|0x0000000705f00000, 0x0000000705f00000, 0x0000000706000000|  0%| F|  |TAMS 0x0000000705f00000, 0x0000000705f00000| Untracked 
|  76|0x0000000706000000, 0x0000000706000000, 0x0000000706100000|  0%| F|  |TAMS 0x0000000706000000, 0x0000000706000000| Untracked 
|  77|0x0000000706100000, 0x0000000706100000, 0x0000000706200000|  0%| F|  |TAMS 0x0000000706100000, 0x0000000706100000| Untracked 
|  78|0x0000000706200000, 0x0000000706200000, 0x0000000706300000|  0%| F|  |TAMS 0x0000000706200000, 0x0000000706200000| Untracked 
|  79|0x0000000706300000, 0x0000000706300000, 0x0000000706400000|  0%| F|  |TAMS 0x0000000706300000, 0x0000000706300000| Untracked 
|  80|0x0000000706400000, 0x0000000706400000, 0x0000000706500000|  0%| F|  |TAMS 0x0000000706400000, 0x0000000706400000| Untracked 
|  81|0x0000000706500000, 0x0000000706500000, 0x0000000706600000|  0%| F|  |TAMS 0x0000000706500000, 0x0000000706500000| Untracked 
|  82|0x0000000706600000, 0x0000000706600000, 0x0000000706700000|  0%| F|  |TAMS 0x0000000706600000, 0x0000000706600000| Untracked 
|  83|0x0000000706700000, 0x0000000706700000, 0x0000000706800000|  0%| F|  |TAMS 0x0000000706700000, 0x0000000706700000| Untracked 
|  84|0x0000000706800000, 0x0000000706800000, 0x0000000706900000|  0%| F|  |TAMS 0x0000000706800000, 0x0000000706800000| Untracked 
|  85|0x0000000706900000, 0x0000000706900000, 0x0000000706a00000|  0%| F|  |TAMS 0x0000000706900000, 0x0000000706900000| Untracked 
|  86|0x0000000706a00000, 0x0000000706a00000, 0x0000000706b00000|  0%| F|  |TAMS 0x0000000706a00000, 0x0000000706a00000| Untracked 
|  87|0x0000000706b00000, 0x0000000706b00000, 0x0000000706c00000|  0%| F|  |TAMS 0x0000000706b00000, 0x0000000706b00000| Untracked 
|  88|0x0000000706c00000, 0x0000000706c00000, 0x0000000706d00000|  0%| F|  |TAMS 0x0000000706c00000, 0x0000000706c00000| Untracked 
|  89|0x0000000706d00000, 0x0000000706d00000, 0x0000000706e00000|  0%| F|  |TAMS 0x0000000706d00000, 0x0000000706d00000| Untracked 
|  90|0x0000000706e00000, 0x0000000706e00000, 0x0000000706f00000|  0%| F|  |TAMS 0x0000000706e00000, 0x0000000706e00000| Untracked 
|  91|0x0000000706f00000, 0x0000000706f00000, 0x0000000707000000|  0%| F|  |TAMS 0x0000000706f00000, 0x0000000706f00000| Untracked 
|  92|0x0000000707000000, 0x0000000707000000, 0x0000000707100000|  0%| F|  |TAMS 0x0000000707000000, 0x0000000707000000| Untracked 
|  93|0x0000000707100000, 0x0000000707100000, 0x0000000707200000|  0%| F|  |TAMS 0x0000000707100000, 0x0000000707100000| Untracked 
|  94|0x0000000707200000, 0x0000000707200000, 0x0000000707300000|  0%| F|  |TAMS 0x0000000707200000, 0x0000000707200000| Untracked 
|  95|0x0000000707300000, 0x0000000707300000, 0x0000000707400000|  0%| F|  |TAMS 0x0000000707300000, 0x0000000707300000| Untracked 
|  96|0x0000000707400000, 0x0000000707400000, 0x0000000707500000|  0%| F|  |TAMS 0x0000000707400000, 0x0000000707400000| Untracked 
|  97|0x0000000707500000, 0x0000000707500000, 0x0000000707600000|  0%| F|  |TAMS 0x0000000707500000, 0x0000000707500000| Untracked 
|  98|0x0000000707600000, 0x0000000707600000, 0x0000000707700000|  0%| F|  |TAMS 0x0000000707600000, 0x0000000707600000| Untracked 
|  99|0x0000000707700000, 0x0000000707700000, 0x0000000707800000|  0%| F|  |TAMS 0x0000000707700000, 0x0000000707700000| Untracked 
| 100|0x0000000707800000, 0x0000000707800000, 0x0000000707900000|  0%| F|  |TAMS 0x0000000707800000, 0x0000000707800000| Untracked 
| 101|0x0000000707900000, 0x0000000707900000, 0x0000000707a00000|  0%| F|  |TAMS 0x0000000707900000, 0x0000000707900000| Untracked 
| 102|0x0000000707a00000, 0x0000000707a00000, 0x0000000707b00000|  0%| F|  |TAMS 0x0000000707a00000, 0x0000000707a00000| Untracked 
| 103|0x0000000707b00000, 0x0000000707b00000, 0x0000000707c00000|  0%| F|  |TAMS 0x0000000707b00000, 0x0000000707b00000| Untracked 
| 104|0x0000000707c00000, 0x0000000707c00000, 0x0000000707d00000|  0%| F|  |TAMS 0x0000000707c00000, 0x0000000707c00000| Untracked 
| 105|0x0000000707d00000, 0x0000000707d00000, 0x0000000707e00000|  0%| F|  |TAMS 0x0000000707d00000, 0x0000000707d00000| Untracked 
| 106|0x0000000707e00000, 0x0000000707e00000, 0x0000000707f00000|  0%| F|  |TAMS 0x0000000707e00000, 0x0000000707e00000| Untracked 
| 107|0x0000000707f00000, 0x0000000707f00000, 0x0000000708000000|  0%| F|  |TAMS 0x0000000707f00000, 0x0000000707f00000| Untracked 
| 108|0x0000000708000000, 0x0000000708000000, 0x0000000708100000|  0%| F|  |TAMS 0x0000000708000000, 0x0000000708000000| Untracked 
| 109|0x0000000708100000, 0x0000000708100000, 0x0000000708200000|  0%| F|  |TAMS 0x0000000708100000, 0x0000000708100000| Untracked 
| 110|0x0000000708200000, 0x0000000708200000, 0x0000000708300000|  0%| F|  |TAMS 0x0000000708200000, 0x0000000708200000| Untracked 
| 111|0x0000000708300000, 0x0000000708300000, 0x0000000708400000|  0%| F|  |TAMS 0x0000000708300000, 0x0000000708300000| Untracked 
| 112|0x0000000708400000, 0x0000000708400000, 0x0000000708500000|  0%| F|  |TAMS 0x0000000708400000, 0x0000000708400000| Untracked 
| 113|0x0000000708500000, 0x0000000708500000, 0x0000000708600000|  0%| F|  |TAMS 0x0000000708500000, 0x0000000708500000| Untracked 
| 114|0x0000000708600000, 0x0000000708600000, 0x0000000708700000|  0%| F|  |TAMS 0x0000000708600000, 0x0000000708600000| Untracked 
| 115|0x0000000708700000, 0x0000000708700000, 0x0000000708800000|  0%| F|  |TAMS 0x0000000708700000, 0x0000000708700000| Untracked 
| 116|0x0000000708800000, 0x0000000708800000, 0x0000000708900000|  0%| F|  |TAMS 0x0000000708800000, 0x0000000708800000| Untracked 
| 117|0x0000000708900000, 0x0000000708900000, 0x0000000708a00000|  0%| F|  |TAMS 0x0000000708900000, 0x0000000708900000| Untracked 
| 118|0x0000000708a00000, 0x0000000708a00000, 0x0000000708b00000|  0%| F|  |TAMS 0x0000000708a00000, 0x0000000708a00000| Untracked 
| 119|0x0000000708b00000, 0x0000000708b00000, 0x0000000708c00000|  0%| F|  |TAMS 0x0000000708b00000, 0x0000000708b00000| Untracked 
| 120|0x0000000708c00000, 0x0000000708c00000, 0x0000000708d00000|  0%| F|  |TAMS 0x0000000708c00000, 0x0000000708c00000| Untracked 
| 121|0x0000000708d00000, 0x0000000708d00000, 0x0000000708e00000|  0%| F|  |TAMS 0x0000000708d00000, 0x0000000708d00000| Untracked 
| 122|0x0000000708e00000, 0x0000000708e00000, 0x0000000708f00000|  0%| F|  |TAMS 0x0000000708e00000, 0x0000000708e00000| Untracked 
| 123|0x0000000708f00000, 0x0000000708f00000, 0x0000000709000000|  0%| F|  |TAMS 0x0000000708f00000, 0x0000000708f00000| Untracked 
| 124|0x0000000709000000, 0x0000000709000000, 0x0000000709100000|  0%| F|  |TAMS 0x0000000709000000, 0x0000000709000000| Untracked 
| 125|0x0000000709100000, 0x0000000709100000, 0x0000000709200000|  0%| F|  |TAMS 0x0000000709100000, 0x0000000709100000| Untracked 
| 126|0x0000000709200000, 0x0000000709200000, 0x0000000709300000|  0%| F|  |TAMS 0x0000000709200000, 0x0000000709200000| Untracked 
| 127|0x0000000709300000, 0x0000000709300000, 0x0000000709400000|  0%| F|  |TAMS 0x0000000709300000, 0x0000000709300000| Untracked 
| 128|0x0000000709400000, 0x0000000709400000, 0x0000000709500000|  0%| F|  |TAMS 0x0000000709400000, 0x0000000709400000| Untracked 
| 129|0x0000000709500000, 0x0000000709500000, 0x0000000709600000|  0%| F|  |TAMS 0x0000000709500000, 0x0000000709500000| Untracked 
| 130|0x0000000709600000, 0x0000000709600000, 0x0000000709700000|  0%| F|  |TAMS 0x0000000709600000, 0x0000000709600000| Untracked 
| 131|0x0000000709700000, 0x0000000709700000, 0x0000000709800000|  0%| F|  |TAMS 0x0000000709700000, 0x0000000709700000| Untracked 
| 132|0x0000000709800000, 0x0000000709800000, 0x0000000709900000|  0%| F|  |TAMS 0x0000000709800000, 0x0000000709800000| Untracked 
| 133|0x0000000709900000, 0x0000000709900000, 0x0000000709a00000|  0%| F|  |TAMS 0x0000000709900000, 0x0000000709900000| Untracked 
| 134|0x0000000709a00000, 0x0000000709a00000, 0x0000000709b00000|  0%| F|  |TAMS 0x0000000709a00000, 0x0000000709a00000| Untracked 
| 135|0x0000000709b00000, 0x0000000709b00000, 0x0000000709c00000|  0%| F|  |TAMS 0x0000000709b00000, 0x0000000709b00000| Untracked 
| 136|0x0000000709c00000, 0x0000000709c00000, 0x0000000709d00000|  0%| F|  |TAMS 0x0000000709c00000, 0x0000000709c00000| Untracked 
| 137|0x0000000709d00000, 0x0000000709d00000, 0x0000000709e00000|  0%| F|  |TAMS 0x0000000709d00000, 0x0000000709d00000| Untracked 
| 138|0x0000000709e00000, 0x0000000709e00000, 0x0000000709f00000|  0%| F|  |TAMS 0x0000000709e00000, 0x0000000709e00000| Untracked 
| 139|0x0000000709f00000, 0x0000000709f00000, 0x000000070a000000|  0%| F|  |TAMS 0x0000000709f00000, 0x0000000709f00000| Untracked 
| 140|0x000000070a000000, 0x000000070a000000, 0x000000070a100000|  0%| F|  |TAMS 0x000000070a000000, 0x000000070a000000| Untracked 
| 141|0x000000070a100000, 0x000000070a100000, 0x000000070a200000|  0%| F|  |TAMS 0x000000070a100000, 0x000000070a100000| Untracked 
| 142|0x000000070a200000, 0x000000070a200000, 0x000000070a300000|  0%| F|  |TAMS 0x000000070a200000, 0x000000070a200000| Untracked 
| 143|0x000000070a300000, 0x000000070a300000, 0x000000070a400000|  0%| F|  |TAMS 0x000000070a300000, 0x000000070a300000| Untracked 
| 144|0x000000070a400000, 0x000000070a400000, 0x000000070a500000|  0%| F|  |TAMS 0x000000070a400000, 0x000000070a400000| Untracked 
| 145|0x000000070a500000, 0x000000070a500000, 0x000000070a600000|  0%| F|  |TAMS 0x000000070a500000, 0x000000070a500000| Untracked 
| 146|0x000000070a600000, 0x000000070a600000, 0x000000070a700000|  0%| F|  |TAMS 0x000000070a600000, 0x000000070a600000| Untracked 
| 147|0x000000070a700000, 0x000000070a700000, 0x000000070a800000|  0%| F|  |TAMS 0x000000070a700000, 0x000000070a700000| Untracked 
| 148|0x000000070a800000, 0x000000070a800000, 0x000000070a900000|  0%| F|  |TAMS 0x000000070a800000, 0x000000070a800000| Untracked 
| 149|0x000000070a900000, 0x000000070a900000, 0x000000070aa00000|  0%| F|  |TAMS 0x000000070a900000, 0x000000070a900000| Untracked 
| 150|0x000000070aa00000, 0x000000070aa00000, 0x000000070ab00000|  0%| F|  |TAMS 0x000000070aa00000, 0x000000070aa00000| Untracked 
| 151|0x000000070ab00000, 0x000000070ab00000, 0x000000070ac00000|  0%| F|  |TAMS 0x000000070ab00000, 0x000000070ab00000| Untracked 
| 152|0x000000070ac00000, 0x000000070ac00000, 0x000000070ad00000|  0%| F|  |TAMS 0x000000070ac00000, 0x000000070ac00000| Untracked 
| 153|0x000000070ad00000, 0x000000070ad00000, 0x000000070ae00000|  0%| F|  |TAMS 0x000000070ad00000, 0x000000070ad00000| Untracked 
| 154|0x000000070ae00000, 0x000000070ae00000, 0x000000070af00000|  0%| F|  |TAMS 0x000000070ae00000, 0x000000070ae00000| Untracked 
| 155|0x000000070af00000, 0x000000070af00000, 0x000000070b000000|  0%| F|  |TAMS 0x000000070af00000, 0x000000070af00000| Untracked 
| 156|0x000000070b000000, 0x000000070b000000, 0x000000070b100000|  0%| F|  |TAMS 0x000000070b000000, 0x000000070b000000| Untracked 
| 157|0x000000070b100000, 0x000000070b100000, 0x000000070b200000|  0%| F|  |TAMS 0x000000070b100000, 0x000000070b100000| Untracked 
| 158|0x000000070b200000, 0x000000070b200000, 0x000000070b300000|  0%| F|  |TAMS 0x000000070b200000, 0x000000070b200000| Untracked 
| 159|0x000000070b300000, 0x000000070b300000, 0x000000070b400000|  0%| F|  |TAMS 0x000000070b300000, 0x000000070b300000| Untracked 
| 160|0x000000070b400000, 0x000000070b400000, 0x000000070b500000|  0%| F|  |TAMS 0x000000070b400000, 0x000000070b400000| Untracked 
| 161|0x000000070b500000, 0x000000070b500000, 0x000000070b600000|  0%| F|  |TAMS 0x000000070b500000, 0x000000070b500000| Untracked 
| 162|0x000000070b600000, 0x000000070b600000, 0x000000070b700000|  0%| F|  |TAMS 0x000000070b600000, 0x000000070b600000| Untracked 
| 163|0x000000070b700000, 0x000000070b700000, 0x000000070b800000|  0%| F|  |TAMS 0x000000070b700000, 0x000000070b700000| Untracked 
| 164|0x000000070b800000, 0x000000070b800000, 0x000000070b900000|  0%| F|  |TAMS 0x000000070b800000, 0x000000070b800000| Untracked 
| 165|0x000000070b900000, 0x000000070b900000, 0x000000070ba00000|  0%| F|  |TAMS 0x000000070b900000, 0x000000070b900000| Untracked 
| 166|0x000000070ba00000, 0x000000070ba00000, 0x000000070bb00000|  0%| F|  |TAMS 0x000000070ba00000, 0x000000070ba00000| Untracked 
| 167|0x000000070bb00000, 0x000000070bb00000, 0x000000070bc00000|  0%| F|  |TAMS 0x000000070bb00000, 0x000000070bb00000| Untracked 
| 168|0x000000070bc00000, 0x000000070bc00000, 0x000000070bd00000|  0%| F|  |TAMS 0x000000070bc00000, 0x000000070bc00000| Untracked 
| 169|0x000000070bd00000, 0x000000070bd00000, 0x000000070be00000|  0%| F|  |TAMS 0x000000070bd00000, 0x000000070bd00000| Untracked 
| 170|0x000000070be00000, 0x000000070be00000, 0x000000070bf00000|  0%| F|  |TAMS 0x000000070be00000, 0x000000070be00000| Untracked 
| 171|0x000000070bf00000, 0x000000070bf00000, 0x000000070c000000|  0%| F|  |TAMS 0x000000070bf00000, 0x000000070bf00000| Untracked 
| 172|0x000000070c000000, 0x000000070c000000, 0x000000070c100000|  0%| F|  |TAMS 0x000000070c000000, 0x000000070c000000| Untracked 
| 173|0x000000070c100000, 0x000000070c100000, 0x000000070c200000|  0%| F|  |TAMS 0x000000070c100000, 0x000000070c100000| Untracked 
| 174|0x000000070c200000, 0x000000070c200000, 0x000000070c300000|  0%| F|  |TAMS 0x000000070c200000, 0x000000070c200000| Untracked 
| 175|0x000000070c300000, 0x000000070c300000, 0x000000070c400000|  0%| F|  |TAMS 0x000000070c300000, 0x000000070c300000| Untracked 
| 176|0x000000070c400000, 0x000000070c400000, 0x000000070c500000|  0%| F|  |TAMS 0x000000070c400000, 0x000000070c400000| Untracked 
| 177|0x000000070c500000, 0x000000070c500000, 0x000000070c600000|  0%| F|  |TAMS 0x000000070c500000, 0x000000070c500000| Untracked 
| 178|0x000000070c600000, 0x000000070c600000, 0x000000070c700000|  0%| F|  |TAMS 0x000000070c600000, 0x000000070c600000| Untracked 
| 179|0x000000070c700000, 0x000000070c700000, 0x000000070c800000|  0%| F|  |TAMS 0x000000070c700000, 0x000000070c700000| Untracked 
| 180|0x000000070c800000, 0x000000070c800000, 0x000000070c900000|  0%| F|  |TAMS 0x000000070c800000, 0x000000070c800000| Untracked 
| 181|0x000000070c900000, 0x000000070c900000, 0x000000070ca00000|  0%| F|  |TAMS 0x000000070c900000, 0x000000070c900000| Untracked 
| 182|0x000000070ca00000, 0x000000070ca00000, 0x000000070cb00000|  0%| F|  |TAMS 0x000000070ca00000, 0x000000070ca00000| Untracked 
| 183|0x000000070cb00000, 0x000000070cb00000, 0x000000070cc00000|  0%| F|  |TAMS 0x000000070cb00000, 0x000000070cb00000| Untracked 
| 184|0x000000070cc00000, 0x000000070cc00000, 0x000000070cd00000|  0%| F|  |TAMS 0x000000070cc00000, 0x000000070cc00000| Untracked 
| 185|0x000000070cd00000, 0x000000070cd00000, 0x000000070ce00000|  0%| F|  |TAMS 0x000000070cd00000, 0x000000070cd00000| Untracked 
| 186|0x000000070ce00000, 0x000000070ce00000, 0x000000070cf00000|  0%| F|  |TAMS 0x000000070ce00000, 0x000000070ce00000| Untracked 
| 187|0x000000070cf00000, 0x000000070cf00000, 0x000000070d000000|  0%| F|  |TAMS 0x000000070cf00000, 0x000000070cf00000| Untracked 
| 188|0x000000070d000000, 0x000000070d000000, 0x000000070d100000|  0%| F|  |TAMS 0x000000070d000000, 0x000000070d000000| Untracked 
| 189|0x000000070d100000, 0x000000070d100000, 0x000000070d200000|  0%| F|  |TAMS 0x000000070d100000, 0x000000070d100000| Untracked 
| 190|0x000000070d200000, 0x000000070d200000, 0x000000070d300000|  0%| F|  |TAMS 0x000000070d200000, 0x000000070d200000| Untracked 
| 191|0x000000070d300000, 0x000000070d300000, 0x000000070d400000|  0%| F|  |TAMS 0x000000070d300000, 0x000000070d300000| Untracked 
| 192|0x000000070d400000, 0x000000070d400000, 0x000000070d500000|  0%| F|  |TAMS 0x000000070d400000, 0x000000070d400000| Untracked 
| 193|0x000000070d500000, 0x000000070d500000, 0x000000070d600000|  0%| F|  |TAMS 0x000000070d500000, 0x000000070d500000| Untracked 
| 194|0x000000070d600000, 0x000000070d600000, 0x000000070d700000|  0%| F|  |TAMS 0x000000070d600000, 0x000000070d600000| Untracked 
| 195|0x000000070d700000, 0x000000070d700000, 0x000000070d800000|  0%| F|  |TAMS 0x000000070d700000, 0x000000070d700000| Untracked 
| 196|0x000000070d800000, 0x000000070d800000, 0x000000070d900000|  0%| F|  |TAMS 0x000000070d800000, 0x000000070d800000| Untracked 
| 197|0x000000070d900000, 0x000000070d900000, 0x000000070da00000|  0%| F|  |TAMS 0x000000070d900000, 0x000000070d900000| Untracked 
| 198|0x000000070da00000, 0x000000070da00000, 0x000000070db00000|  0%| F|  |TAMS 0x000000070da00000, 0x000000070da00000| Untracked 
| 199|0x000000070db00000, 0x000000070db00000, 0x000000070dc00000|  0%| F|  |TAMS 0x000000070db00000, 0x000000070db00000| Untracked 
| 200|0x000000070dc00000, 0x000000070dc00000, 0x000000070dd00000|  0%| F|  |TAMS 0x000000070dc00000, 0x000000070dc00000| Untracked 
| 201|0x000000070dd00000, 0x000000070dd00000, 0x000000070de00000|  0%| F|  |TAMS 0x000000070dd00000, 0x000000070dd00000| Untracked 
| 202|0x000000070de00000, 0x000000070de00000, 0x000000070df00000|  0%| F|  |TAMS 0x000000070de00000, 0x000000070de00000| Untracked 
| 203|0x000000070df00000, 0x000000070df00000, 0x000000070e000000|  0%| F|  |TAMS 0x000000070df00000, 0x000000070df00000| Untracked 
| 204|0x000000070e000000, 0x000000070e000000, 0x000000070e100000|  0%| F|  |TAMS 0x000000070e000000, 0x000000070e000000| Untracked 
| 205|0x000000070e100000, 0x000000070e100000, 0x000000070e200000|  0%| F|  |TAMS 0x000000070e100000, 0x000000070e100000| Untracked 
| 206|0x000000070e200000, 0x000000070e200000, 0x000000070e300000|  0%| F|  |TAMS 0x000000070e200000, 0x000000070e200000| Untracked 
| 207|0x000000070e300000, 0x000000070e300000, 0x000000070e400000|  0%| F|  |TAMS 0x000000070e300000, 0x000000070e300000| Untracked 
| 208|0x000000070e400000, 0x000000070e400000, 0x000000070e500000|  0%| F|  |TAMS 0x000000070e400000, 0x000000070e400000| Untracked 
| 209|0x000000070e500000, 0x000000070e500000, 0x000000070e600000|  0%| F|  |TAMS 0x000000070e500000, 0x000000070e500000| Untracked 
| 210|0x000000070e600000, 0x000000070e600000, 0x000000070e700000|  0%| F|  |TAMS 0x000000070e600000, 0x000000070e600000| Untracked 
| 211|0x000000070e700000, 0x000000070e700000, 0x000000070e800000|  0%| F|  |TAMS 0x000000070e700000, 0x000000070e700000| Untracked 
| 212|0x000000070e800000, 0x000000070e800000, 0x000000070e900000|  0%| F|  |TAMS 0x000000070e800000, 0x000000070e800000| Untracked 
| 213|0x000000070e900000, 0x000000070e900000, 0x000000070ea00000|  0%| F|  |TAMS 0x000000070e900000, 0x000000070e900000| Untracked 
| 214|0x000000070ea00000, 0x000000070ea00000, 0x000000070eb00000|  0%| F|  |TAMS 0x000000070ea00000, 0x000000070ea00000| Untracked 
| 215|0x000000070eb00000, 0x000000070eb00000, 0x000000070ec00000|  0%| F|  |TAMS 0x000000070eb00000, 0x000000070eb00000| Untracked 
| 216|0x000000070ec00000, 0x000000070ec00000, 0x000000070ed00000|  0%| F|  |TAMS 0x000000070ec00000, 0x000000070ec00000| Untracked 
| 217|0x000000070ed00000, 0x000000070ed00000, 0x000000070ee00000|  0%| F|  |TAMS 0x000000070ed00000, 0x000000070ed00000| Untracked 
| 218|0x000000070ee00000, 0x000000070ee00000, 0x000000070ef00000|  0%| F|  |TAMS 0x000000070ee00000, 0x000000070ee00000| Untracked 
| 219|0x000000070ef00000, 0x000000070ef00000, 0x000000070f000000|  0%| F|  |TAMS 0x000000070ef00000, 0x000000070ef00000| Untracked 
| 220|0x000000070f000000, 0x000000070f000000, 0x000000070f100000|  0%| F|  |TAMS 0x000000070f000000, 0x000000070f000000| Untracked 
| 221|0x000000070f100000, 0x000000070f100000, 0x000000070f200000|  0%| F|  |TAMS 0x000000070f100000, 0x000000070f100000| Untracked 
| 222|0x000000070f200000, 0x000000070f200000, 0x000000070f300000|  0%| F|  |TAMS 0x000000070f200000, 0x000000070f200000| Untracked 
| 223|0x000000070f300000, 0x000000070f300000, 0x000000070f400000|  0%| F|  |TAMS 0x000000070f300000, 0x000000070f300000| Untracked 
| 224|0x000000070f400000, 0x000000070f400000, 0x000000070f500000|  0%| F|  |TAMS 0x000000070f400000, 0x000000070f400000| Untracked 
| 225|0x000000070f500000, 0x000000070f500000, 0x000000070f600000|  0%| F|  |TAMS 0x000000070f500000, 0x000000070f500000| Untracked 
| 226|0x000000070f600000, 0x000000070f600000, 0x000000070f700000|  0%| F|  |TAMS 0x000000070f600000, 0x000000070f600000| Untracked 
| 227|0x000000070f700000, 0x000000070f700000, 0x000000070f800000|  0%| F|  |TAMS 0x000000070f700000, 0x000000070f700000| Untracked 
| 228|0x000000070f800000, 0x000000070f800000, 0x000000070f900000|  0%| F|  |TAMS 0x000000070f800000, 0x000000070f800000| Untracked 
| 229|0x000000070f900000, 0x000000070f900000, 0x000000070fa00000|  0%| F|  |TAMS 0x000000070f900000, 0x000000070f900000| Untracked 
| 230|0x000000070fa00000, 0x000000070fa00000, 0x000000070fb00000|  0%| F|  |TAMS 0x000000070fa00000, 0x000000070fa00000| Untracked 
| 231|0x000000070fb00000, 0x000000070fb00000, 0x000000070fc00000|  0%| F|  |TAMS 0x000000070fb00000, 0x000000070fb00000| Untracked 
| 232|0x000000070fc00000, 0x000000070fc00000, 0x000000070fd00000|  0%| F|  |TAMS 0x000000070fc00000, 0x000000070fc00000| Untracked 
| 233|0x000000070fd00000, 0x000000070fd00000, 0x000000070fe00000|  0%| F|  |TAMS 0x000000070fd00000, 0x000000070fd00000| Untracked 
| 234|0x000000070fe00000, 0x000000070fe00000, 0x000000070ff00000|  0%| F|  |TAMS 0x000000070fe00000, 0x000000070fe00000| Untracked 
| 235|0x000000070ff00000, 0x000000070ff00000, 0x0000000710000000|  0%| F|  |TAMS 0x000000070ff00000, 0x000000070ff00000| Untracked 
| 236|0x0000000710000000, 0x0000000710000000, 0x0000000710100000|  0%| F|  |TAMS 0x0000000710000000, 0x0000000710000000| Untracked 
| 237|0x0000000710100000, 0x0000000710100000, 0x0000000710200000|  0%| F|  |TAMS 0x0000000710100000, 0x0000000710100000| Untracked 
| 238|0x0000000710200000, 0x0000000710200000, 0x0000000710300000|  0%| F|  |TAMS 0x0000000710200000, 0x0000000710200000| Untracked 
| 239|0x0000000710300000, 0x0000000710300000, 0x0000000710400000|  0%| F|  |TAMS 0x0000000710300000, 0x0000000710300000| Untracked 
| 240|0x0000000710400000, 0x0000000710400000, 0x0000000710500000|  0%| F|  |TAMS 0x0000000710400000, 0x0000000710400000| Untracked 
| 241|0x0000000710500000, 0x0000000710500000, 0x0000000710600000|  0%| F|  |TAMS 0x0000000710500000, 0x0000000710500000| Untracked 
| 242|0x0000000710600000, 0x0000000710600000, 0x0000000710700000|  0%| F|  |TAMS 0x0000000710600000, 0x0000000710600000| Untracked 
| 243|0x0000000710700000, 0x0000000710700800, 0x0000000710800000|  0%| E|  |TAMS 0x0000000710700000, 0x0000000710700000| Complete 
| 244|0x0000000710800000, 0x0000000710900000, 0x0000000710900000|100%| E|CS|TAMS 0x0000000710800000, 0x0000000710800000| Complete 
| 245|0x0000000710900000, 0x0000000710a00000, 0x0000000710a00000|100%| E|CS|TAMS 0x0000000710900000, 0x0000000710900000| Complete 
| 246|0x0000000710a00000, 0x0000000710b00000, 0x0000000710b00000|100%| E|CS|TAMS 0x0000000710a00000, 0x0000000710a00000| Complete 
| 247|0x0000000710b00000, 0x0000000710c00000, 0x0000000710c00000|100%| E|CS|TAMS 0x0000000710b00000, 0x0000000710b00000| Complete 
| 248|0x0000000710c00000, 0x0000000710d00000, 0x0000000710d00000|100%| E|CS|TAMS 0x0000000710c00000, 0x0000000710c00000| Complete 
| 249|0x0000000710d00000, 0x0000000710e00000, 0x0000000710e00000|100%| E|  |TAMS 0x0000000710d00000, 0x0000000710d00000| Complete 
| 250|0x0000000710e00000, 0x0000000710f00000, 0x0000000710f00000|100%| E|CS|TAMS 0x0000000710e00000, 0x0000000710e00000| Complete 
| 251|0x0000000710f00000, 0x0000000711000000, 0x0000000711000000|100%| E|CS|TAMS 0x0000000710f00000, 0x0000000710f00000| Complete 
| 252|0x0000000711000000, 0x0000000711100000, 0x0000000711100000|100%| E|CS|TAMS 0x0000000711000000, 0x0000000711000000| Complete 
| 253|0x0000000711100000, 0x0000000711200000, 0x0000000711200000|100%| E|CS|TAMS 0x0000000711100000, 0x0000000711100000| Complete 
| 254|0x0000000711200000, 0x0000000711300000, 0x0000000711300000|100%| E|CS|TAMS 0x0000000711200000, 0x0000000711200000| Complete 
| 255|0x0000000711300000, 0x0000000711400000, 0x0000000711400000|100%| E|CS|TAMS 0x0000000711300000, 0x0000000711300000| Complete 

Card table byte_map: [0x0000026c3f250000,0x0000026c3fa50000] _byte_map_base: 0x0000026c3ba46000

Marking Bits (Prev, Next): (CMBitMap*) 0x0000026c271790d8, (CMBitMap*) 0x0000026c27179118
 Prev Bits: [0x0000026c40250000, 0x0000026c44200000)
 Next Bits: [0x0000026c44200000, 0x0000026c481b0000)

Polling page: 0x0000026c250c0000

Metaspace:

Usage:
  Non-class:      7.33 MB capacity,     7.18 MB ( 98%) used,   131.90 KB (  2%) free+waste,    18.63 KB ( <1%) overhead. 
      Class:    986.00 KB capacity,   863.21 KB ( 88%) used,   110.60 KB ( 11%) free+waste,    12.19 KB (  1%) overhead. 
       Both:      8.29 MB capacity,     8.02 MB ( 97%) used,   242.50 KB (  3%) free+waste,    30.81 KB ( <1%) overhead. 

Virtual space:
  Non-class space:        8.00 MB reserved,       7.50 MB ( 94%) committed 
      Class space:        1.00 GB reserved,       1.00 MB ( <1%) committed 
             Both:        1.01 GB reserved,       8.50 MB ( <1%) committed 

Chunk freelists:
   Non-Class:  48.00 KB
       Class:  6.00 KB
        Both:  54.00 KB

MaxMetaspaceSize: 17179869184.00 GB
CompressedClassSpaceSize: 1.00 GB

CodeHeap 'non-profiled nmethods': size=120000Kb used=473Kb max_used=473Kb free=119526Kb
 bounds [0x0000026c370e0000, 0x0000026c37350000, 0x0000026c3e610000]
CodeHeap 'profiled nmethods': size=120000Kb used=2500Kb max_used=2500Kb free=117499Kb
 bounds [0x0000026c2fbb0000, 0x0000026c2fe30000, 0x0000026c370e0000]
CodeHeap 'non-nmethods': size=5760Kb used=1284Kb max_used=1306Kb free=4475Kb
 bounds [0x0000026c2f610000, 0x0000026c2f880000, 0x0000026c2fbb0000]
 total_blobs=2386 nmethods=1303 adapters=478
 compilation: enabled
              stopped_count=0, restarted_count=0
 full_count=0

Compilation events (20 events):
Event: 6.990 Thread 0x0000026c4b5d6000 1294       3       java.awt.Canvas::getBufferStrategy (5 bytes)
Event: 6.990 Thread 0x0000026c4b5d6000 nmethod 1294 0x0000026c2fe18410 code [0x0000026c2fe185c0, 0x0000026c2fe18758]
Event: 7.006 Thread 0x0000026c4b5d6000 1295       3       java.awt.Component$FlipBufferStrategy::updateInternalBuffers (38 bytes)
Event: 7.006 Thread 0x0000026c4b5d6000 nmethod 1295 0x0000026c2fe18810 code [0x0000026c2fe18a00, 0x0000026c2fe191e0]
Event: 7.006 Thread 0x0000026c4b5d6000 1296       3       java.awt.Component$FlipBufferStrategy::show (12 bytes)
Event: 7.006 Thread 0x0000026c4b5d6000 nmethod 1296 0x0000026c2fe19390 code [0x0000026c2fe19540, 0x0000026c2fe19830]
Event: 7.006 Thread 0x0000026c4b5d6000 1297       3       java.awt.Component$FlipBufferStrategy::flip (58 bytes)
Event: 7.006 Thread 0x0000026c4b5d6000 nmethod 1297 0x0000026c2fe19910 code [0x0000026c2fe19b40, 0x0000026c2fe1a400]
Event: 7.006 Thread 0x0000026c4b5d6000 1298       3       sun.awt.windows.WComponentPeer::flip (54 bytes)
Event: 7.007 Thread 0x0000026c4b5d6000 nmethod 1298 0x0000026c2fe1a690 code [0x0000026c2fe1a880, 0x0000026c2fe1b1a0]
Event: 7.007 Thread 0x0000026c4b5d6000 1299   !   3       sun.java2d.d3d.D3DGraphicsConfig::flip (241 bytes)
Event: 7.007 Thread 0x0000026c4b5d6000 nmethod 1299 0x0000026c2fe1b390 code [0x0000026c2fe1b7c0, 0x0000026c2fe1d140]
Event: 7.056 Thread 0x0000026c4b5d4800 1300       4       jswinggame.entities.Entity::getCollisionBounds (54 bytes)
Event: 7.057 Thread 0x0000026c4b5d4800 nmethod 1300 0x0000026c37155f90 code [0x0000026c37156120, 0x0000026c371562b8]
Event: 7.089 Thread 0x0000026c4b5d6000 1301       3       sun.font.TrueTypeGlyphMapper::charsToGlyphsNS (207 bytes)
Event: 7.090 Thread 0x0000026c4b5d6000 nmethod 1301 0x0000026c2fe1dc90 code [0x0000026c2fe1dec0, 0x0000026c2fe1e8b0]
Event: 7.090 Thread 0x0000026c4b5d6000 1302       3       sun.font.FileFontStrike::getGlyphImagePtrs (111 bytes)
Event: 7.090 Thread 0x0000026c4b5d6000 nmethod 1302 0x0000026c2fe1ec10 code [0x0000026c2fe1ef60, 0x0000026c2fe209c0]
Event: 7.273 Thread 0x0000026c4b5d4800 1303       4       java.util.ArrayList$Itr::next (66 bytes)
Event: 7.273 Thread 0x0000026c4b5d4800 nmethod 1303 0x0000026c37156390 code [0x0000026c37156520, 0x0000026c37156658]

GC Heap History (0 events):
No events

Deoptimization events (20 events):
Event: 1.594 Thread 0x0000026c4b743000 DEOPT PACKING pc=0x0000026c2fd47dd2 sp=0x00000098c25ff080
Event: 1.594 Thread 0x0000026c4b743000 DEOPT UNPACKING pc=0x0000026c2f65964e sp=0x00000098c25fe5a0 mode 0
Event: 1.594 Thread 0x0000026c4b743000 DEOPT PACKING pc=0x0000026c2fd47dd2 sp=0x00000098c25ff080
Event: 1.594 Thread 0x0000026c4b743000 DEOPT UNPACKING pc=0x0000026c2f65964e sp=0x00000098c25fe5a0 mode 0
Event: 1.595 Thread 0x0000026c4b743000 DEOPT PACKING pc=0x0000026c2fd47dd2 sp=0x00000098c25ff080
Event: 1.595 Thread 0x0000026c4b743000 DEOPT UNPACKING pc=0x0000026c2f65964e sp=0x00000098c25fe5a0 mode 0
Event: 1.595 Thread 0x0000026c4b743000 DEOPT PACKING pc=0x0000026c2fd47dd2 sp=0x00000098c25ff080
Event: 1.595 Thread 0x0000026c4b743000 DEOPT UNPACKING pc=0x0000026c2f65964e sp=0x00000098c25fe5a0 mode 0
Event: 2.781 Thread 0x0000026c4ba89000 Uncommon trap: trap_request=0xffffff45 fr.pc=0x0000026c371322e8 relative=0x0000000000000148
Event: 2.781 Thread 0x0000026c4ba89000 Uncommon trap: reason=unstable_if action=reinterpret pc=0x0000026c371322e8 method=java.util.concurrent.locks.ReentrantLock$Sync.nonfairTryAcquire(I)Z @ 10 c2
Event: 2.781 Thread 0x0000026c4ba89000 DEOPT PACKING pc=0x0000026c371322e8 sp=0x00000098c28fd780
Event: 2.781 Thread 0x0000026c4ba89000 DEOPT UNPACKING pc=0x0000026c2f65912f sp=0x00000098c28fd600 mode 2
Event: 2.846 Thread 0x0000026c4ba89000 Uncommon trap: trap_request=0xffffff45 fr.pc=0x0000026c37130b88 relative=0x0000000000000168
Event: 2.846 Thread 0x0000026c4ba89000 Uncommon trap: reason=unstable_if action=reinterpret pc=0x0000026c37130b88 method=java.util.concurrent.locks.ReentrantLock$Sync.nonfairTryAcquire(I)Z @ 10 c2
Event: 2.846 Thread 0x0000026c4ba89000 DEOPT PACKING pc=0x0000026c37130b88 sp=0x00000098c28fd710
Event: 2.846 Thread 0x0000026c4ba89000 DEOPT UNPACKING pc=0x0000026c2f65912f sp=0x00000098c28fd5f8 mode 2
Event: 4.064 Thread 0x0000026c4ba89000 Uncommon trap: trap_request=0xffffff45 fr.pc=0x0000026c37130468 relative=0x0000000000000148
Event: 4.064 Thread 0x0000026c4ba89000 Uncommon trap: reason=unstable_if action=reinterpret pc=0x0000026c37130468 method=java.util.concurrent.locks.ReentrantLock$Sync.nonfairTryAcquire(I)Z @ 10 c2
Event: 4.064 Thread 0x0000026c4ba89000 DEOPT PACKING pc=0x0000026c37130468 sp=0x00000098c28fd710
Event: 4.064 Thread 0x0000026c4ba89000 DEOPT UNPACKING pc=0x0000026c2f65912f sp=0x00000098c28fd650 mode 2

Classes unloaded (0 events):
No events

Classes redefined (0 events):
No events

Internal exceptions (14 events):
Event: 0.045 Thread 0x0000026c4b743000 Exception <a 'java/lang/ClassNotFoundException'{0x0000000711122c78}: sun/awt/resources/spi/awtProvider> (0x0000000711122c78) 
thrown [t:/workspace/open/src/hotspot/share/classfile/systemDictionary.cpp, line 232]
Event: 0.058 Thread 0x0000026c4b743000 Exception <a 'java/io/FileNotFoundException'{0x0000000711177b20}> (0x0000000711177b20) 
thrown [t:/workspace/open/src/hotspot/share/prims/jni.cpp, line 598]
Event: 0.062 Thread 0x0000026c4b743000 Exception <a 'java/io/FileNotFoundException'{0x000000071119e458}> (0x000000071119e458) 
thrown [t:/workspace/open/src/hotspot/share/prims/jni.cpp, line 598]
Event: 0.087 Thread 0x0000026c4ba89000 Exception <a 'java/lang/NoSuchMethodError'{0x00000007111fb378}: 'void java.lang.invoke.DirectMethodHandle$Holder.invokeSpecial(java.lang.Object, java.lang.Object)'> (0x00000007111fb378) 
thrown [t:/workspace/open/src/hotspot/share/interpreter/linkResolver.cpp, line 767]
Event: 0.193 Thread 0x0000026c4b743000 Exception <a 'java/lang/NoSuchMethodError'{0x00000007110d6640}: 'java.lang.Object java.lang.invoke.DirectMethodHandle$Holder.invokeStatic(java.lang.Object, int, java.lang.Object, java.lang.Object, java.lang.Object, java.lang.Object)'> (0x00000007110d6640) 
thrown [t:/workspace/open/src/hotspot/share/interpreter/linkResolver.cpp, line 767]
Event: 0.193 Thread 0x0000026c4b743000 Exception <a 'java/lang/NoSuchMethodError'{0x00000007110dcfa0}: 'java.lang.Object java.lang.invoke.DirectMethodHandle$Holder.invokeStatic(java.lang.Object, int, java.lang.Object, java.lang.Object, java.lang.Object)'> (0x00000007110dcfa0) 
thrown [t:/workspace/open/src/hotspot/share/interpreter/linkResolver.cpp, line 767]
Event: 0.193 Thread 0x0000026c4b743000 Exception <a 'java/lang/NoSuchMethodError'{0x00000007110e0808}: 'java.lang.Object java.lang.invoke.DirectMethodHandle$Holder.invokeSpecial(java.lang.Object, java.lang.Object, int, java.lang.Object, java.lang.Object, java.lang.Object)'> (0x00000007110e0808) 
thrown [t:/workspace/open/src/hotspot/share/interpreter/linkResolver.cpp, line 767]
Event: 0.195 Thread 0x0000026c4b743000 Exception <a 'java/lang/NoSuchMethodError'{0x00000007110f6d78}: 'java.lang.Object java.lang.invoke.DirectMethodHandle$Holder.invokeStatic(java.lang.Object, int, java.lang.Object)'> (0x00000007110f6d78) 
thrown [t:/workspace/open/src/hotspot/share/interpreter/linkResolver.cpp, line 767]
Event: 0.206 Thread 0x0000026c4b743000 Exception <a 'java/lang/ClassNotFoundException'{0x0000000710f9a7d0}: com/sun/swing/internal/plaf/metal/resources/spi/metalProvider> (0x0000000710f9a7d0) 
thrown [t:/workspace/open/src/hotspot/share/classfile/systemDictionary.cpp, line 232]
Event: 0.206 Thread 0x0000026c4b743000 Exception <a 'java/lang/ClassNotFoundException'{0x0000000710f9eb08}: com/sun/swing/internal/plaf/basic/resources/spi/basicProvider> (0x0000000710f9eb08) 
thrown [t:/workspace/open/src/hotspot/share/classfile/systemDictionary.cpp, line 232]
Event: 0.234 Thread 0x0000026c4b743000 Exception <a 'java/lang/NoSuchMethodError'{0x0000000710fdc3f8}: 'void java.lang.invoke.DirectMethodHandle$Holder.invokeStaticInit(java.lang.Object)'> (0x0000000710fdc3f8) 
thrown [t:/workspace/open/src/hotspot/share/interpreter/linkResolver.cpp, line 767]
Event: 0.249 Thread 0x0000026c4b743000 Exception <a 'java/lang/NoSuchMethodError'{0x0000000710e3be10}: 'java.lang.Object java.lang.invoke.Invokers$Holder.linkToTargetMethod(java.lang.Object, int, java.lang.Object)'> (0x0000000710e3be10) 
thrown [t:/workspace/open/src/hotspot/share/interpreter/linkResolver.cpp, line 767]
Event: 0.429 Thread 0x0000026c4b743000 Exception <a 'java/lang/NoSuchMethodError'{0x0000000710e97b78}: 'java.lang.Object java.lang.invoke.DirectMethodHandle$Holder.invokeStaticInit(java.lang.Object, int, int, int, int)'> (0x0000000710e97b78) 
thrown [t:/workspace/open/src/hotspot/share/interpreter/linkResolver.cpp, line 767]
Event: 0.545 Thread 0x0000026c4b743000 Exception <a 'java/lang/NoSuchMethodError'{0x0000000710dd1d78}: 'java.lang.Object java.lang.invoke.DirectMethodHandle$Holder.invokeStaticInit(java.lang.Object, java.lang.Object, int, int, int, int)'> (0x0000000710dd1d78) 
thrown [t:/workspace/open/src/hotspot/share/interpreter/linkResolver.cpp, line 767]

Events (20 events):
Event: 1.473 loading class tiles/GrassTile
Event: 1.473 loading class tiles/GrassTile done
Event: 1.473 loading class tiles/RockWall
Event: 1.473 loading class tiles/RockWall done
Event: 2.473 loading class java/awt/image/BufferedImageOp
Event: 2.473 loading class java/awt/image/BufferedImageOp done
Event: 7.523 Executing VM operation: RevokeBias
Event: 7.524 Executing VM operation: RevokeBias done
Event: 7.524 Thread 0x0000026c53b64000 Thread added: 0x0000026c53b64000
Event: 7.524 Thread 0x0000026c53b65000 Thread added: 0x0000026c53b65000
Event: 7.524 Thread 0x0000026c4b7d4800 Thread added: 0x0000026c4b7d4800
Event: 7.524 loading class java/util/WeakHashMap$KeyIterator
Event: 7.524 loading class java/util/WeakHashMap$HashIterator
Event: 7.524 loading class java/util/WeakHashMap$HashIterator done
Event: 7.524 loading class java/util/WeakHashMap$KeyIterator done
Event: 7.524 Thread 0x0000026c4b7d4800 Thread exited: 0x0000026c4b7d4800
Event: 7.524 Executing VM operation: RevokeBias
Event: 7.524 Executing VM operation: RevokeBias done
Event: 7.524 Thread 0x0000026c53b65000 Thread exited: 0x0000026c53b65000
Event: 7.524 Thread 0x0000026c4c236800 Thread exited: 0x0000026c4c236800


Dynamic libraries:
0x00007ff7f4490000 - 0x00007ff7f449f000 	C:\Program Files\Java\jdk-13.0.2\bin\java.exe
0x00007ffa05400000 - 0x00007ffa055f0000 	C:\Windows\SYSTEM32\ntdll.dll
0x00007ffa04ff0000 - 0x00007ffa050a2000 	C:\Windows\System32\KERNEL32.DLL
0x00007ffa02390000 - 0x00007ffa02634000 	C:\Windows\System32\KERNELBASE.dll
0x00007ffa03380000 - 0x00007ffa0347a000 	C:\Windows\System32\ucrtbase.dll
0x00007ff9ca1e0000 - 0x00007ff9ca1f5000 	C:\Program Files\Java\jdk-13.0.2\bin\VCRUNTIME140.dll
0x00007ff9f3600000 - 0x00007ff9f3618000 	C:\Program Files\Java\jdk-13.0.2\bin\jli.dll
0x00007ffa03c20000 - 0x00007ffa03cc3000 	C:\Windows\System32\ADVAPI32.dll
0x00007ffa052c0000 - 0x00007ffa0535e000 	C:\Windows\System32\msvcrt.dll
0x00007ffa04790000 - 0x00007ffa04827000 	C:\Windows\System32\sechost.dll
0x00007ffa05190000 - 0x00007ffa052b0000 	C:\Windows\System32\RPCRT4.dll
0x00007ffa04150000 - 0x00007ffa042e4000 	C:\Windows\System32\USER32.dll
0x00007ff9f9510000 - 0x00007ff9f9794000 	C:\Windows\WinSxS\amd64_microsoft.windows.common-controls_6595b64144ccf1df_6.0.18362.900_none_e6beb9d913147d17\COMCTL32.dll
0x00007ffa02640000 - 0x00007ffa02661000 	C:\Windows\System32\win32u.dll
0x00007ffa03e10000 - 0x00007ffa04145000 	C:\Windows\System32\combase.dll
0x00007ffa034b0000 - 0x00007ffa034d6000 	C:\Windows\System32\GDI32.dll
0x00007ffa02670000 - 0x00007ffa026f0000 	C:\Windows\System32\bcryptPrimitives.dll
0x00007ffa02e70000 - 0x00007ffa03005000 	C:\Windows\System32\gdi32full.dll
0x00007ffa032e0000 - 0x00007ffa0337e000 	C:\Windows\System32\msvcp_win.dll
0x00007ff9faa80000 - 0x00007ff9faa8a000 	C:\Windows\SYSTEM32\VERSION.dll
0x00007ffa04760000 - 0x00007ffa0478e000 	C:\Windows\System32\IMM32.DLL
0x00007ff9aca70000 - 0x00007ff9acb0b000 	C:\Program Files\Java\jdk-13.0.2\bin\msvcp140.dll
0x00007ff9acd80000 - 0x00007ff9ad8dd000 	C:\Program Files\Java\jdk-13.0.2\bin\server\jvm.dll
0x00007ffa052b0000 - 0x00007ffa052b8000 	C:\Windows\System32\PSAPI.DLL
0x00007ff9cc520000 - 0x00007ff9cc529000 	C:\Windows\SYSTEM32\WSOCK32.dll
0x00007ff9fdc70000 - 0x00007ff9fdc94000 	C:\Windows\SYSTEM32\WINMM.dll
0x00007ffa04600000 - 0x00007ffa0466f000 	C:\Windows\System32\WS2_32.dll
0x00007ff9fdb00000 - 0x00007ff9fdb2d000 	C:\Windows\SYSTEM32\WINMMBASE.dll
0x00007ffa03010000 - 0x00007ffa0305a000 	C:\Windows\System32\cfgmgr32.dll
0x00007ffa02320000 - 0x00007ffa02331000 	C:\Windows\System32\kernel.appcore.dll
0x00007ff9cc510000 - 0x00007ff9cc520000 	C:\Program Files\Java\jdk-13.0.2\bin\verify.dll
0x00007ff9f17b0000 - 0x00007ff9f19a4000 	C:\Windows\SYSTEM32\DBGHELP.DLL
0x00007ff9eeed0000 - 0x00007ff9eeefa000 	C:\Windows\SYSTEM32\dbgcore.DLL
0x00007ff9acd10000 - 0x00007ff9acd36000 	C:\Program Files\Java\jdk-13.0.2\bin\java.dll
0x00007ff9accf0000 - 0x00007ff9acd07000 	C:\Program Files\Java\jdk-13.0.2\bin\zip.dll
0x00007ff9ca770000 - 0x00007ff9ca77a000 	C:\Program Files\Java\jdk-13.0.2\bin\jimage.dll
0x00007ffa04830000 - 0x00007ffa04f16000 	C:\Windows\System32\SHELL32.dll
0x00007ffa039c0000 - 0x00007ffa03a69000 	C:\Windows\System32\shcore.dll
0x00007ffa026f0000 - 0x00007ffa02e70000 	C:\Windows\System32\windows.storage.dll
0x00007ffa02360000 - 0x00007ffa02383000 	C:\Windows\System32\profapi.dll
0x00007ffa022d0000 - 0x00007ffa0231a000 	C:\Windows\System32\powrprof.dll
0x00007ffa022c0000 - 0x00007ffa022d0000 	C:\Windows\System32\UMPDC.dll
0x00007ffa04670000 - 0x00007ffa046c2000 	C:\Windows\System32\shlwapi.dll
0x00007ffa031b0000 - 0x00007ffa031c7000 	C:\Windows\System32\cryptsp.dll
0x00007ff9acb10000 - 0x00007ff9acca9000 	C:\Program Files\Java\jdk-13.0.2\bin\awt.dll
0x00007ffa04f20000 - 0x00007ffa04fe5000 	C:\Windows\System32\OLEAUT32.dll
0x00007ffa00450000 - 0x00007ffa004df000 	C:\Windows\SYSTEM32\apphelp.dll
0x00007ffa00a60000 - 0x00007ffa00a8d000 	C:\Windows\system32\DWMAPI.DLL
0x00007ffa00590000 - 0x00007ffa00629000 	C:\Windows\system32\uxtheme.dll
0x00007ff9ac910000 - 0x00007ff9aca66000 	C:\Windows\system32\opengl32.dll
0x00007ff9ac8e0000 - 0x00007ff9ac90c000 	C:\Windows\SYSTEM32\GLU32.dll
0x00007ffa00f30000 - 0x00007ffa00f50000 	C:\Windows\SYSTEM32\dxcore.dll
0x00007ffa03cd0000 - 0x00007ffa03e05000 	C:\Windows\System32\MSCTF.dll
0x00007ffa04390000 - 0x00007ffa044e7000 	C:\Windows\System32\ole32.dll
0x00007ffa03060000 - 0x00007ffa031a9000 	C:\Windows\System32\crypt32.dll
0x00007ffa02340000 - 0x00007ffa02352000 	C:\Windows\System32\MSASN1.dll
0x00007ff9faa50000 - 0x00007ff9faa7f000 	C:\Windows\SYSTEM32\cryptnet.dll
0x00007ffa01d00000 - 0x00007ffa01d0c000 	C:\Windows\SYSTEM32\cryptbase.dll
0x00007ffa03280000 - 0x00007ffa032dc000 	C:\Windows\System32\WINTRUST.DLL
0x00007ffa042f0000 - 0x00007ffa0430d000 	C:\Windows\System32\imagehlp.dll
0x00007ffa016a0000 - 0x00007ffa016d3000 	C:\Windows\system32\rsaenh.dll
0x00007ffa03480000 - 0x00007ffa034a6000 	C:\Windows\System32\bcrypt.dll
0x00007ffa00ee0000 - 0x00007ffa00f02000 	C:\Windows\SYSTEM32\gpapi.dll
0x00007ff9ac850000 - 0x00007ff9ac8d2000 	C:\Program Files\Java\jdk-13.0.2\bin\freetype.dll
0x00007ff9ac7a0000 - 0x00007ff9ac846000 	C:\Program Files\Java\jdk-13.0.2\bin\fontmanager.dll
0x00007ff9e36a0000 - 0x00007ff9e373e000 	C:\Windows\System32\TextInputFramework.dll
0x00007ff9fbff0000 - 0x00007ff9fc31a000 	C:\Windows\System32\CoreUIComponents.dll
0x00007ff9ffd60000 - 0x00007ff9ffe34000 	C:\Windows\System32\CoreMessaging.dll
0x00007ffa01320000 - 0x00007ffa01351000 	C:\Windows\SYSTEM32\ntmarta.dll
0x00007ff9fe190000 - 0x00007ff9fe2e3000 	C:\Windows\SYSTEM32\wintypes.dll
0x00007ffa021b0000 - 0x00007ffa021d5000 	C:\Windows\SYSTEM32\USERENV.dll
0x00007ff9accd0000 - 0x00007ff9acce9000 	C:\Program Files\Java\jdk-13.0.2\bin\net.dll
0x00007ff9fb2a0000 - 0x00007ff9fb390000 	C:\Windows\SYSTEM32\WINHTTP.dll
0x00007ffa01b30000 - 0x00007ffa01b97000 	C:\Windows\system32\mswsock.dll
0x00007ffa01840000 - 0x00007ffa0187a000 	C:\Windows\SYSTEM32\IPHLPAPI.DLL
0x00007ffa05180000 - 0x00007ffa05188000 	C:\Windows\System32\NSI.dll
0x00007ff9fc320000 - 0x00007ff9fc336000 	C:\Windows\SYSTEM32\dhcpcsvc6.DLL
0x00007ff9fca40000 - 0x00007ff9fca5c000 	C:\Windows\SYSTEM32\dhcpcsvc.DLL
0x00007ffa01880000 - 0x00007ffa0194b000 	C:\Windows\SYSTEM32\DNSAPI.dll
0x00007ff9accb0000 - 0x00007ff9accc3000 	C:\Program Files\Java\jdk-13.0.2\bin\nio.dll
0x00007ff9f36f0000 - 0x00007ff9f3996000 	C:\Windows\System32\iertutil.dll

dbghelp: loaded successfully - version: 4.0.5 - missing functions: none
symbol engine: initialized successfully - sym options: 0x614 - pdb path: .;C:\Program Files\Java\jdk-13.0.2\bin;C:\Windows\SYSTEM32;C:\Windows\WinSxS\amd64_microsoft.windows.common-controls_6595b64144ccf1df_6.0.18362.900_none_e6beb9d913147d17;C:\Program Files\Java\jdk-13.0.2\bin\server;C:\Windows\System32\DriverStore\FileRepository\nvgbdi.inf_amd64_20577d78bb70e35e

VM Arguments:
jvm_args: -Dfile.encoding=UTF-8 
java_command: Main
java_class_path (initial): C:\Users\donal\Documents\NetBeansProjects\JSwingGame\res;C:\Users\donal\Documents\NetBeansProjects\JSwingGame\build\classes
Launcher Type: SUN_STANDARD

[Global flags]
     intx CICompilerCount                          = 4                                         {product} {ergonomic}
     uint ConcGCThreads                            = 2                                         {product} {ergonomic}
     uint G1ConcRefinementThreads                  = 8                                         {product} {ergonomic}
   size_t G1HeapRegionSize                         = 1048576                                   {product} {ergonomic}
    uintx GCDrainStackTargetSize                   = 64                                        {product} {ergonomic}
   size_t InitialHeapSize                          = 268435456                                 {product} {ergonomic}
   size_t MarkStackSize                            = 4194304                                   {product} {ergonomic}
   size_t MaxHeapSize                              = 4273995776                                {product} {ergonomic}
   size_t MaxNewSize                               = 2563768320                                {product} {ergonomic}
   size_t MinHeapDeltaBytes                        = 1048576                                   {product} {ergonomic}
   size_t MinHeapSize                              = 8388608                                   {product} {ergonomic}
    uintx NonNMethodCodeHeapSize                   = 5839372                                {pd product} {ergonomic}
    uintx NonProfiledCodeHeapSize                  = 122909434                              {pd product} {ergonomic}
    uintx ProfiledCodeHeapSize                     = 122909434                              {pd product} {ergonomic}
    uintx ReservedCodeCacheSize                    = 251658240                              {pd product} {ergonomic}
     bool SegmentedCodeCache                       = true                                      {product} {ergonomic}
   size_t SoftMaxHeapSize                          = 4273995776                             {manageable} {ergonomic}
     bool UseCompressedClassPointers               = true                                 {lp64_product} {ergonomic}
     bool UseCompressedOops                        = true                                 {lp64_product} {ergonomic}
     bool UseG1GC                                  = true                                      {product} {ergonomic}
     bool UseLargePagesIndividualAllocation        = false                                  {pd product} {ergonomic}

Logging:
Log output configuration:
 #0: stdout all=warning uptime,level,tags
 #1: stderr all=off uptime,level,tags

Environment Variables:
PATH=C:\Program Files (x86)\Common Files\Oracle\Java\javapath;C:\Program Files (x86)\Razer\ChromaBroadcast\bin;C:\Program Files\Razer\ChromaBroadcast\bin;C:\Windows\system32;C:\Windows;C:\Windows\System32\Wbem;C:\Windows\System32\WindowsPowerShell\v1.0\;C:\Windows\System32\OpenSSH\;C:\Program Files (x86)\NVIDIA Corporation\PhysX\Common;C:\Users\donal\AppData\Local\Microsoft\WindowsApps;C:\Program Files\Git\cmd;C:\Program Files\PuTTY\;C:\Users\donal\AppData\Local\Microsoft\WindowsApps;C:\Users\donal\AppData\Local\atom\bin;C:\Users\donal\AppData\Local\GitHubDesktop\bin;C:\Users\donal\AppData\Local\Programs\Microsoft VS Code\bin
USERNAME=Pinapelz
OS=Windows_NT
PROCESSOR_IDENTIFIER=Intel64 Family 6 Model 158 Stepping 13, GenuineIntel



---------------  S Y S T E M  ---------------

OS: Windows 10 , 64 bit Build 18362 (10.0.18362.900)

CPU:total 8 (initial active 8) (8 cores per cpu, 1 threads per core) family 6 model 158 stepping 13, cmov, cx8, fxsr, mmx, sse, sse2, sse3, ssse3, sse4.1, sse4.2, popcnt, avx, avx2, aes, clmul, erms, rtm, 3dnowpref, lzcnt, tsc, tscinvbit, bmi1, bmi2, adx, fma

Memory: 4k page, system-wide physical 16300M (8496M free)
TotalPageFile size 23724M (AvailPageFile size 11016M)
current process WorkingSet (physical memory assigned to process): 72M, peak: 85M
current process commit charge ("private bytes"): 392M, peak: 402M

vm_info: Java HotSpot(TM) 64-Bit Server VM (13.0.2+8) for windows-amd64 JRE (13.0.2+8), built on Dec 11 2019 09:20:33 by "mach5one" with unknown MS VC++:1916

END.
